<?xml version="1.0" encoding="UTF-8"?>
<testsuite xmlns:xsi="http://www.w3.org/2001/XMLSchema-instance" xsi:noNamespaceSchemaLocation="https://maven.apache.org/surefire/maven-surefire-plugin/xsd/surefire-test-report.xsd" name="com.example.BasicCalculatorTest" time="0.134" tests="14" errors="0" skipped="0" failures="0">
  <properties>
[...]
</properties>
  <testcase name="test_addition_of_very_large_positive_numbers" classname="com.example.BasicCalculatorTest" time="0.009"/>
  <testcase name="test_addition_of_two_negative_numbers" classname="com.example.BasicCalculatorTest" time="0"/>
  <testcase name="test_confirm_addition_operation_with_calc_operator_add" classname="com.example.BasicCalculatorTest" time="0"/>
  <testcase name="test_subtraction_of_two_positive_numbers" classname="com.example.BasicCalculatorTest" time="0"/>
  <testcase name="test_division_of_two_negative_numbers" classname="com.example.BasicCalculatorTest" time="0.002"/>
  <testcase name="test_multiplication_of_two_positive_numbers" classname="com.example.BasicCalculatorTest" time="0"/>
  <testcase name="test_multiplication_positive_negative" classname="com.example.BasicCalculatorTest" time="0"/>
  <testcase name="test_addition_of_two_positive_numbers" classname="com.example.BasicCalculatorTest" time="0"/>
  <testcase name="test_invalid_operation_input" classname="com.example.BasicCalculatorTest" time="0.002"/>
  <testcase name="test_division_of_two_positive_numbers" classname="com.example.BasicCalculatorTest" time="0"/>
  <testcase name="test_subtraction_positive_negative" classname="com.example.BasicCalculatorTest" time="0.002"/>
  <testcase name="test_division_positive_negative" classname="com.example.BasicCalculatorTest" time="0.002"/>
  <testcase name="test_addition_of_positive_and_negative_numbers" classname="com.example.BasicCalculatorTest" time="0"/>
  <testcase name="test_addition_of_negative_numbers" classname="com.example.BasicCalculatorTest" time="0"/>
</testsuite>