<?xml version="1.0" encoding="UTF-8"?>
<testsuite xmlns:xsi="http://www.w3.org/2001/XMLSchema-instance" xsi:noNamespaceSchemaLocation="https://maven.apache.org/surefire/maven-surefire-plugin/xsd/surefire-test-report.xsd" name="com.example.AppTest" time="0.161" tests="7" errors="0" skipped="0" failures="0">
  <properties>
[...]
</properties>
  <testcase name="test_counter_equals_total_calls_allowed" classname="com.example.AppTest" time="0.024"/>
  <testcase name="test_calculate_valid_add_operator" classname="com.example.AppTest" time="0.001"/>
  <testcase name="test_calculate_valid_divide_operator" classname="com.example.AppTest" time="0.008"/>
  <testcase name="test_invalid_operator_input" classname="com.example.AppTest" time="0.009"/>
  <testcase name="test_calculate_valid_multiply_operator" classname="com.example.AppTest" time="0.01"/>
  <testcase name="test_calculate_valid_substract_operator" classname="com.example.AppTest" time="0.009"/>
  <testcase name="test_non_numeric_input_handling" classname="com.example.AppTest" time="0.012"/>
</testsuite>